<?xml version="1.0" encoding="UTF-8"?>
<testsuite name="com.foo.FooTest" tests="2" failures="0" errors="0" timestamp="2015-06-26T01:38:13" hostname="Jeans-MacBook-Pro.local" time="0.017">
  <properties/>
  <testcase name="testFoo" classname="com.foo.FooTest" time="0.012"/>
  <testcase name="testFooWrong" classname="com.foo.FooTest" time="0.004"/>
  <system-out><![CDATA[]]></system-out>
  <system-err><![CDATA[]]></system-err>
</testsuite>
